Using pre-set license
Built from '2020.3/release' branch; Version is '2020.3.1f1 (77a89f25062f) revision 7841951'; Using compiler version '192528614'; Build Type 'Release'
OS: 'Windows 10 Home Single Language; OS build 19042.1237; Version 2009; 64bit' Language: 'pt' Physical Memory: 16168 MB
BatchMode: 1, IsHumanControllingUs: 0, StartBugReporterOnCrash: 0, Is64bit: 1, IsPro: 0

 COMMAND LINE ARGUMENTS:
C:\Program Files\Unity\Hub\Editor\2020.3.1f1\Editor\Unity.exe
-adb2
-batchMode
-noUpm
-name
AssetImportWorker0
-projectPath
C:/Users/camil/Desktop/PylefSmaug/Futebol
-logFile
Logs/AssetImportWorker0.log
-srvPort
61701
Successfully changed project path to: C:/Users/camil/Desktop/PylefSmaug/Futebol
C:/Users/camil/Desktop/PylefSmaug/Futebol
Using Asset Import Pipeline V2.
Refreshing native plugins compatible for Editor in 43.02 ms, found 1 plugins.
Preloading 0 native plugins for Editor in 0.00 ms.
Initialize engine version: 2020.3.1f1 (77a89f25062f)
[Subsystems] Discovering subsystems at path C:/Program Files/Unity/Hub/Editor/2020.3.1f1/Editor/Data/Resources/UnitySubsystems
[Subsystems] Discovering subsystems at path C:/Users/camil/Desktop/PylefSmaug/Futebol/Assets
GfxDevice: creating device client; threaded=0
Direct3D:
    Version:  Direct3D 11.0 [level 11.1]
    Renderer: NVIDIA GeForce MX250 (ID=0x1d13)
    Vendor:   
    VRAM:     1983 MB
    Driver:   27.21.14.5167
Initialize mono
Mono path[0] = 'C:/Program Files/Unity/Hub/Editor/2020.3.1f1/Editor/Data/Managed'
Mono path[1] = 'C:/Program Files/Unity/Hub/Editor/2020.3.1f1/Editor/Data/MonoBleedingEdge/lib/mono/unityjit'
Mono config path = 'C:/Program Files/Unity/Hub/Editor/2020.3.1f1/Editor/Data/MonoBleedingEdge/etc'
Using monoOptions --debugger-agent=transport=dt_socket,embedding=1,server=y,suspend=n,address=127.0.0.1:56096
Begin MonoManager ReloadAssembly
Registering precompiled unity dll's ...
Register platform support module: C:/Program Files/Unity/Hub/Editor/2020.3.1f1/Editor/Data/PlaybackEngines/WindowsStandaloneSupport/UnityEditor.WindowsStandalone.Extensions.dll
Registered in 0.002433 seconds.
Native extension for WindowsStandalone target not found
Refreshing native plugins compatible for Editor in 46.75 ms, found 1 plugins.
Preloading 0 native plugins for Editor in 0.00 ms.
Invoked RoslynAnalysisRunner static constructor.
RoslynAnalysisRunner will not be running.
RoslynAnalysisRunner has terminated.
Mono: successfully reloaded assembly
- Completed reload, in  2.409 seconds
Platform modules already initialized, skipping
Registering precompiled user dll's ...
Registered in 0.001342 seconds.
Begin MonoManager ReloadAssembly
Native extension for WindowsStandalone target not found
Refreshing native plugins compatible for Editor in 41.93 ms, found 1 plugins.
Preloading 0 native plugins for Editor in 0.00 ms.
Invoked RoslynAnalysisRunner static constructor.
RoslynAnalysisRunner will not be running.
RoslynAnalysisRunner has terminated.
Mono: successfully reloaded assembly
- Completed reload, in  1.051 seconds
Platform modules already initialized, skipping
========================================================================
Worker process is ready to serve import requests
Launched and connected shader compiler UnityShaderCompiler.exe after 0.05 seconds
Refreshing native plugins compatible for Editor in 0.37 ms, found 1 plugins.
Preloading 0 native plugins for Editor in 0.00 ms.
Unloading 1866 Unused Serialized files (Serialized files now loaded: 0)
System memory in use before: 87.0 MB.
System memory in use after: 87.0 MB.

Unloading 24 unused Assets to reduce memory usage. Loaded Objects now: 2309.
Total: 4.256100 ms (FindLiveObjects: 0.330100 ms CreateObjectMapping: 0.421000 ms MarkObjects: 3.264600 ms  DeleteObjects: 0.238300 ms)

========================================================================
Received Import Request.
  path: Assets/png_bola.prefab
  artifactKey: Guid(a9cd66c667826fa44a0cd4a4a507ebe9) Importer(815301076,1909f56bfc062723c751e8b465ee728b)
Start importing Assets/png_bola.prefab using Guid(a9cd66c667826fa44a0cd4a4a507ebe9) Importer(815301076,1909f56bfc062723c751e8b465ee728b)  -> (artifact id: '09f60451e33994d1c944ceaa79f8bf66') in 0.148539 seconds
  Import took 0.152270 seconds .

========================================================================
Received Import Request.
  Time since last request: 17.267140 seconds.
  path: Assets/Scripts
  artifactKey: Guid(5fe624d0d45ec3d4aab86b41b4459925) Importer(815301076,1909f56bfc062723c751e8b465ee728b)
Start importing Assets/Scripts using Guid(5fe624d0d45ec3d4aab86b41b4459925) Importer(815301076,1909f56bfc062723c751e8b465ee728b)  -> (artifact id: 'bfc8e273cf53b59c89bf24ee44bc14a5') in 0.002635 seconds
  Import took 0.005391 seconds .

========================================================================
Received Import Request.
  Time since last request: 0.010786 seconds.
  path: Assets/Scripts
  artifactKey: Guid(5fe624d0d45ec3d4aab86b41b4459925) Importer(815301076,1909f56bfc062723c751e8b465ee728b)
Start importing Assets/Scripts using Guid(5fe624d0d45ec3d4aab86b41b4459925) Importer(815301076,1909f56bfc062723c751e8b465ee728b)  -> (artifact id: 'bfc8e273cf53b59c89bf24ee44bc14a5') in 0.002705 seconds
  Import took 0.005993 seconds .

========================================================================
Received Import Request.
  Time since last request: 9.411308 seconds.
  path: Assets/Scripts/BolaControll.cs
  artifactKey: Guid(df14dd2b5dba0d54797a18c60ea35e84) Importer(815301076,1909f56bfc062723c751e8b465ee728b)
Start importing Assets/Scripts/BolaControll.cs using Guid(df14dd2b5dba0d54797a18c60ea35e84) Importer(815301076,1909f56bfc062723c751e8b465ee728b)  -> (artifact id: '26208c3c73761b1364e862d396492d05') in 0.003958 seconds
  Import took 0.006600 seconds .

========================================================================
Received Import Request.
  Time since last request: 0.029809 seconds.
  path: Assets/Scripts/BolaControll.cs
  artifactKey: Guid(df14dd2b5dba0d54797a18c60ea35e84) Importer(815301076,1909f56bfc062723c751e8b465ee728b)
Start importing Assets/Scripts/BolaControll.cs using Guid(df14dd2b5dba0d54797a18c60ea35e84) Importer(815301076,1909f56bfc062723c751e8b465ee728b)  -> (artifact id: '26208c3c73761b1364e862d396492d05') in 0.004144 seconds
  Import took 0.007116 seconds .

AssetImportWorkerClient::OnTransportError - code=2 error=End of file
